{"total": {"lines":{"total":149,"covered":147,"skipped":0,"pct":98.66},"statements":{"total":149,"covered":147,"skipped":0,"pct":98.66},"functions":{"total":7,"covered":7,"skipped":0,"pct":100},"branches":{"total":30,"covered":27,"skipped":0,"pct":90}}
,"C:\\Programming\\html-metadata-reader\\src\\html-document-metadata-reader.ts": {"lines":{"total":149,"covered":147,"skipped":0,"pct":98.66},"functions":{"total":7,"covered":7,"skipped":0,"pct":100},"statements":{"total":149,"covered":147,"skipped":0,"pct":98.66},"branches":{"total":30,"covered":27,"skipped":0,"pct":90}}
}
