{"total": {"lines":{"total":153,"covered":149,"skipped":0,"pct":97.39},"statements":{"total":153,"covered":149,"skipped":0,"pct":97.39},"functions":{"total":6,"covered":6,"skipped":0,"pct":100},"branches":{"total":29,"covered":25,"skipped":0,"pct":86.21}}
,"C:\\SoftwareStuff\\Projects\\html-metadata-reader\\src\\html-document-metadata-reader.ts": {"lines":{"total":153,"covered":149,"skipped":0,"pct":97.39},"functions":{"total":6,"covered":6,"skipped":0,"pct":100},"statements":{"total":153,"covered":149,"skipped":0,"pct":97.39},"branches":{"total":29,"covered":25,"skipped":0,"pct":86.21}}
}
