TN:
SF:src\html-document-metadata-reader.ts
FN:4,HtmlDocumentMetadataReader
FN:6,Object.<anonymous>.HtmlDocumentMetadataReader.readTagsFromDocument
FN:36,Object.<anonymous>.HtmlDocumentMetadataReader.extractHead
FN:72,Object.<anonymous>.HtmlDocumentMetadataReader.extractRawMetaTags
FN:76,Object.<anonymous>.HtmlDocumentMetadataReader.processRawMetaTag
FN:124,Object.<anonymous>.HtmlDocumentMetadataReader.extractAssignment
FN:144,Object.<anonymous>.HtmlDocumentMetadataReader.extractTitle
FNF:7
FNH:7
FNDA:2,HtmlDocumentMetadataReader
FNDA:4,Object.<anonymous>.HtmlDocumentMetadataReader.readTagsFromDocument
FNDA:4,Object.<anonymous>.HtmlDocumentMetadataReader.extractHead
FNDA:4,Object.<anonymous>.HtmlDocumentMetadataReader.extractRawMetaTags
FNDA:7,Object.<anonymous>.HtmlDocumentMetadataReader.processRawMetaTag
FNDA:13,Object.<anonymous>.HtmlDocumentMetadataReader.extractAssignment
FNDA:4,Object.<anonymous>.HtmlDocumentMetadataReader.extractTitle
DA:1,1
DA:2,1
DA:3,1
DA:4,2
DA:5,2
DA:6,2
DA:7,4
DA:8,0
DA:9,0
DA:10,4
DA:11,4
DA:12,4
DA:13,4
DA:14,4
DA:15,4
DA:16,1
DA:17,1
DA:18,1
DA:19,1
DA:20,1
DA:21,1
DA:22,1
DA:23,1
DA:24,1
DA:25,1
DA:26,4
DA:27,3
DA:28,3
DA:29,4
DA:30,2
DA:31,2
DA:32,2
DA:33,2
DA:34,2
DA:35,2
DA:36,2
DA:37,4
DA:38,4
DA:39,4
DA:40,4
DA:41,4
DA:42,4
DA:43,432
DA:44,432
DA:45,432
DA:46,2
DA:47,1
DA:48,1
DA:49,1
DA:50,1
DA:51,1
DA:52,1
DA:53,432
DA:54,430
DA:55,430
DA:56,430
DA:57,432
DA:58,4
DA:59,4
DA:60,4
DA:61,3
DA:62,3
DA:63,1
DA:64,1
DA:65,1
DA:66,1
DA:67,2
DA:68,2
DA:69,2
DA:70,2
DA:71,2
DA:72,2
DA:73,4
DA:74,4
DA:75,2
DA:76,2
DA:77,7
DA:78,7
DA:79,7
DA:80,7
DA:81,7
DA:82,7
DA:83,7
DA:84,7
DA:85,7
DA:86,7
DA:87,7
DA:88,1
DA:89,1
DA:90,1
DA:91,1
DA:92,1
DA:93,1
DA:94,1
DA:95,1
DA:96,1
DA:97,1
DA:98,1
DA:99,1
DA:100,1
DA:101,1
DA:102,7
DA:103,6
DA:104,6
DA:105,6
DA:106,6
DA:107,6
DA:108,6
DA:109,6
DA:110,6
DA:111,6
DA:112,6
DA:113,6
DA:114,6
DA:115,6
DA:116,6
DA:117,6
DA:118,7
DA:119,2
DA:120,2
DA:121,2
DA:122,2
DA:123,2
DA:124,2
DA:125,13
DA:126,13
DA:127,13
DA:128,0
DA:129,0
DA:130,13
DA:131,13
DA:132,13
DA:133,13
DA:134,13
DA:135,13
DA:136,13
DA:137,13
DA:138,13
DA:139,2
DA:140,2
DA:141,2
DA:142,2
DA:143,2
DA:144,2
DA:145,4
DA:146,4
DA:147,3
DA:148,3
DA:149,1
DA:150,1
DA:151,1
DA:152,2
DA:153,2
LF:153
LH:149
BRDA:4,0,0,1
BRDA:4,1,0,2
BRDA:6,2,0,4
BRDA:7,3,0,0
BRDA:15,4,0,1
BRDA:26,5,0,3
BRDA:13,6,0,7
BRDA:36,7,0,4
BRDA:42,8,0,433
BRDA:42,9,0,262
BRDA:42,10,0,432
BRDA:45,11,0,304
BRDA:45,12,0,128
BRDA:45,13,0,304
BRDA:45,14,0,2
BRDA:46,15,0,1
BRDA:53,16,0,430
BRDA:60,17,0,1
BRDA:60,18,0,3
BRDA:63,19,0,1
BRDA:72,20,0,4
BRDA:73,21,0,0
BRDA:76,22,0,7
BRDA:83,23,0,0
BRDA:87,24,0,1
BRDA:102,25,0,6
BRDA:124,26,0,13
BRDA:127,27,0,0
BRDA:144,28,0,4
BRDA:146,29,0,3
BRDA:149,30,0,1
BRF:31
BRH:27
end_of_record
