TN:
SF:src\html-document-metadata-reader.ts
FN:4,HtmlDocumentMetadataReader
FN:6,Object.<anonymous>.HtmlDocumentMetadataReader.readTagsFromDocument
FN:32,Object.<anonymous>.HtmlDocumentMetadataReader.extractHead
FN:68,Object.<anonymous>.HtmlDocumentMetadataReader.extractRawMetaTags
FN:72,Object.<anonymous>.HtmlDocumentMetadataReader.processRawMetaTag
FN:120,Object.<anonymous>.HtmlDocumentMetadataReader.extractAssignment
FN:140,Object.<anonymous>.HtmlDocumentMetadataReader.extractTitle
FNF:7
FNH:7
FNDA:2,HtmlDocumentMetadataReader
FNDA:4,Object.<anonymous>.HtmlDocumentMetadataReader.readTagsFromDocument
FNDA:4,Object.<anonymous>.HtmlDocumentMetadataReader.extractHead
FNDA:4,Object.<anonymous>.HtmlDocumentMetadataReader.extractRawMetaTags
FNDA:7,Object.<anonymous>.HtmlDocumentMetadataReader.processRawMetaTag
FNDA:13,Object.<anonymous>.HtmlDocumentMetadataReader.extractAssignment
FNDA:4,Object.<anonymous>.HtmlDocumentMetadataReader.extractTitle
DA:1,1
DA:2,1
DA:3,1
DA:4,2
DA:5,2
DA:6,2
DA:7,4
DA:8,4
DA:9,4
DA:10,4
DA:11,4
DA:12,1
DA:13,1
DA:14,1
DA:15,1
DA:16,1
DA:17,1
DA:18,1
DA:19,1
DA:20,1
DA:21,1
DA:22,4
DA:23,3
DA:24,3
DA:25,4
DA:26,2
DA:27,2
DA:28,2
DA:29,2
DA:30,2
DA:31,2
DA:32,2
DA:33,4
DA:34,4
DA:35,4
DA:36,4
DA:37,4
DA:38,4
DA:39,432
DA:40,432
DA:41,432
DA:42,2
DA:43,1
DA:44,1
DA:45,1
DA:46,1
DA:47,1
DA:48,1
DA:49,432
DA:50,430
DA:51,430
DA:52,430
DA:53,432
DA:54,4
DA:55,4
DA:56,4
DA:57,3
DA:58,3
DA:59,1
DA:60,1
DA:61,1
DA:62,1
DA:63,2
DA:64,2
DA:65,2
DA:66,2
DA:67,2
DA:68,2
DA:69,4
DA:70,4
DA:71,2
DA:72,2
DA:73,7
DA:74,7
DA:75,7
DA:76,7
DA:77,7
DA:78,7
DA:79,7
DA:80,7
DA:81,7
DA:82,7
DA:83,7
DA:84,1
DA:85,1
DA:86,1
DA:87,1
DA:88,1
DA:89,1
DA:90,1
DA:91,1
DA:92,1
DA:93,1
DA:94,1
DA:95,1
DA:96,1
DA:97,1
DA:98,7
DA:99,6
DA:100,6
DA:101,6
DA:102,6
DA:103,6
DA:104,6
DA:105,6
DA:106,6
DA:107,6
DA:108,6
DA:109,6
DA:110,6
DA:111,6
DA:112,6
DA:113,6
DA:114,7
DA:115,2
DA:116,2
DA:117,2
DA:118,2
DA:119,2
DA:120,2
DA:121,13
DA:122,13
DA:123,13
DA:124,0
DA:125,0
DA:126,13
DA:127,13
DA:128,13
DA:129,13
DA:130,13
DA:131,13
DA:132,13
DA:133,13
DA:134,13
DA:135,2
DA:136,2
DA:137,2
DA:138,2
DA:139,2
DA:140,2
DA:141,4
DA:142,4
DA:143,3
DA:144,3
DA:145,1
DA:146,1
DA:147,1
DA:148,2
DA:149,2
LF:149
LH:147
BRDA:4,0,0,1
BRDA:4,1,0,2
BRDA:6,2,0,4
BRDA:11,3,0,1
BRDA:22,4,0,3
BRDA:9,5,0,7
BRDA:32,6,0,4
BRDA:38,7,0,433
BRDA:38,8,0,262
BRDA:38,9,0,432
BRDA:41,10,0,304
BRDA:41,11,0,128
BRDA:41,12,0,304
BRDA:41,13,0,2
BRDA:42,14,0,1
BRDA:49,15,0,430
BRDA:56,16,0,1
BRDA:56,17,0,3
BRDA:59,18,0,1
BRDA:68,19,0,4
BRDA:69,20,0,0
BRDA:72,21,0,7
BRDA:79,22,0,0
BRDA:83,23,0,1
BRDA:98,24,0,6
BRDA:120,25,0,13
BRDA:123,26,0,0
BRDA:140,27,0,4
BRDA:142,28,0,3
BRDA:145,29,0,1
BRF:30
BRH:27
end_of_record
